  [1m[36m (0.2ms)[0m  [1mselect sqlite_version(*)[0m
  [1m[35m (1.6ms)[0m  CREATE TABLE "schema_migrations" ("version" varchar(255) NOT NULL) 
  [1m[36m (0.1ms)[0m  [1mPRAGMA index_list("schema_migrations")[0m
  [1m[35m (2.1ms)[0m  CREATE UNIQUE INDEX "unique_schema_migrations" ON "schema_migrations" ("version")
  [1m[36m (0.1ms)[0m  [1mSELECT "schema_migrations"."version" FROM "schema_migrations" [0m
Migrating to DeviseCreateUsers (20120214121632)
  [1m[35m (0.1ms)[0m  begin transaction
  [1m[36m (0.8ms)[0m  [1mCREATE TABLE "users" ("id" INTEGER PRIMARY KEY AUTOINCREMENT NOT NULL, "email" varchar(255) DEFAULT '' NOT NULL, "encrypted_password" varchar(255) DEFAULT '' NOT NULL, "reset_password_token" varchar(255), "reset_password_sent_at" datetime, "remember_created_at" datetime, "sign_in_count" integer DEFAULT 0, "current_sign_in_at" datetime, "last_sign_in_at" datetime, "current_sign_in_ip" varchar(255), "last_sign_in_ip" varchar(255), "password_salt" varchar(255), "confirmation_token" varchar(255), "confirmed_at" datetime, "confirmation_sent_at" datetime, "unconfirmed_email" varchar(255), "created_at" datetime NOT NULL, "updated_at" datetime NOT NULL) [0m
  [1m[35m (0.1ms)[0m  PRAGMA index_list("users")
  [1m[36m (0.6ms)[0m  [1mCREATE UNIQUE INDEX "index_users_on_email" ON "users" ("email")[0m
  [1m[35m (0.1ms)[0m  PRAGMA index_list("users")
  [1m[36m (0.0ms)[0m  [1mPRAGMA index_info('index_users_on_email')[0m
  [1m[35m (0.2ms)[0m  CREATE UNIQUE INDEX "index_users_on_reset_password_token" ON "users" ("reset_password_token")
  [1m[36m (0.0ms)[0m  [1mPRAGMA index_list("users")[0m
  [1m[35m (0.0ms)[0m  PRAGMA index_info('index_users_on_reset_password_token')
  [1m[36m (0.0ms)[0m  [1mPRAGMA index_info('index_users_on_email')[0m
  [1m[35m (0.2ms)[0m  CREATE UNIQUE INDEX "index_users_on_confirmation_token" ON "users" ("confirmation_token")
  [1m[36m (0.2ms)[0m  [1mINSERT INTO "schema_migrations" ("version") VALUES ('20120214121632')[0m
  [1m[35m (1.6ms)[0m  commit transaction
  [1m[36m (0.5ms)[0m  [1mselect sqlite_version(*)[0m
  [1m[35m (0.1ms)[0m  SELECT "schema_migrations"."version" FROM "schema_migrations" 
  [1m[36m (0.0ms)[0m  [1mPRAGMA index_list("users")[0m
  [1m[35m (0.0ms)[0m  PRAGMA index_info('index_users_on_confirmation_token')
  [1m[36m (0.0ms)[0m  [1mPRAGMA index_info('index_users_on_reset_password_token')[0m
  [1m[35m (0.0ms)[0m  PRAGMA index_info('index_users_on_email')


Started GET "/assets/rails.png" for 127.0.0.1 at 2012-02-14 10:17:45 -0200
Served asset /rails.png - 200 OK (11ms)


Started GET "/users/sign_up" for 127.0.0.1 at 2012-02-14 10:17:51 -0200
Processing by Devise::RegistrationsController#new as HTML
  Rendered /Users/flores/.rbenv/versions/1.9.3-p0/lib/ruby/gems/1.9.1/gems/devise-2.0.1/app/views/devise/_links.erb (3.0ms)
  Rendered /Users/flores/.rbenv/versions/1.9.3-p0/lib/ruby/gems/1.9.1/gems/devise-2.0.1/app/views/devise/registrations/new.html.erb within layouts/application (18.6ms)
Compiled application.css  (0ms)  (pid 69025)
Compiled jquery.js  (2ms)  (pid 69025)
Compiled jquery_ujs.js  (0ms)  (pid 69025)
Compiled application.js  (31ms)  (pid 69025)
Completed 200 OK in 267ms (Views: 177.6ms | ActiveRecord: 2.4ms)


Started GET "/assets/application.css?body=1" for 127.0.0.1 at 2012-02-14 10:17:51 -0200
Served asset /application.css - 200 OK (23ms)


Started GET "/assets/application.js?body=1" for 127.0.0.1 at 2012-02-14 10:17:51 -0200
Served asset /application.js - 200 OK (5ms)


Started GET "/assets/jquery.js?body=1" for 127.0.0.1 at 2012-02-14 10:17:51 -0200
Served asset /jquery.js - 200 OK (3ms)


Started GET "/assets/jquery_ujs.js?body=1" for 127.0.0.1 at 2012-02-14 10:17:51 -0200
Served asset /jquery_ujs.js - 200 OK (3ms)


Started POST "/users" for 127.0.0.1 at 2012-02-14 10:17:59 -0200
Processing by Devise::RegistrationsController#create as HTML
  Parameters: {"utf8"=>"✓", "authenticity_token"=>"FVOekBF0jas4U8os1HufYI+X8T0Z3GX+PfkG+8/QOts=", "user"=>{"email"=>"a@b.com", "password"=>"[FILTERED]", "password_confirmation"=>"[FILTERED]"}, "commit"=>"Sign up"}
Completed 500 Internal Server Error in 1ms

RuntimeError (You need to give an :encryptor as option in order to use :encryptable):
  devise (2.0.1) lib/devise/models/encryptable.rb:60:in `encryptor_class'
  devise (2.0.1) lib/devise/models/encryptable.rb:67:in `password_salt'
  devise (2.0.1) lib/devise/models/encryptable.rb:29:in `password='
  activerecord (3.2.1) lib/active_record/attribute_assignment.rb:85:in `block in assign_attributes'
  activerecord (3.2.1) lib/active_record/attribute_assignment.rb:78:in `each'
  activerecord (3.2.1) lib/active_record/attribute_assignment.rb:78:in `assign_attributes'
  activerecord (3.2.1) lib/active_record/base.rb:495:in `initialize'
  devise (2.0.1) lib/devise/models/registerable.rb:16:in `new'
  devise (2.0.1) lib/devise/models/registerable.rb:16:in `new_with_session'
  devise (2.0.1) app/controllers/devise/registrations_controller.rb:81:in `build_resource'
  devise (2.0.1) app/controllers/devise/registrations_controller.rb:13:in `create'
  actionpack (3.2.1) lib/action_controller/metal/implicit_render.rb:4:in `send_action'
  actionpack (3.2.1) lib/abstract_controller/base.rb:167:in `process_action'
  actionpack (3.2.1) lib/action_controller/metal/rendering.rb:10:in `process_action'
  actionpack (3.2.1) lib/abstract_controller/callbacks.rb:18:in `block in process_action'
  activesupport (3.2.1) lib/active_support/callbacks.rb:436:in `_run__2057143633251498341__process_action__3865442741115319172__callbacks'
  activesupport (3.2.1) lib/active_support/callbacks.rb:405:in `__run_callback'
  activesupport (3.2.1) lib/active_support/callbacks.rb:385:in `_run_process_action_callbacks'
  activesupport (3.2.1) lib/active_support/callbacks.rb:81:in `run_callbacks'
  actionpack (3.2.1) lib/abstract_controller/callbacks.rb:17:in `process_action'
  actionpack (3.2.1) lib/action_controller/metal/rescue.rb:29:in `process_action'
  actionpack (3.2.1) lib/action_controller/metal/instrumentation.rb:30:in `block in process_action'
  activesupport (3.2.1) lib/active_support/notifications.rb:123:in `block in instrument'
  activesupport (3.2.1) lib/active_support/notifications/instrumenter.rb:20:in `instrument'
  activesupport (3.2.1) lib/active_support/notifications.rb:123:in `instrument'
  actionpack (3.2.1) lib/action_controller/metal/instrumentation.rb:29:in `process_action'
  actionpack (3.2.1) lib/action_controller/metal/params_wrapper.rb:205:in `process_action'
  activerecord (3.2.1) lib/active_record/railties/controller_runtime.rb:18:in `process_action'
  actionpack (3.2.1) lib/abstract_controller/base.rb:121:in `process'
  actionpack (3.2.1) lib/abstract_controller/rendering.rb:45:in `process'
  actionpack (3.2.1) lib/action_controller/metal.rb:203:in `dispatch'
  actionpack (3.2.1) lib/action_controller/metal/rack_delegation.rb:14:in `dispatch'
  actionpack (3.2.1) lib/action_controller/metal.rb:246:in `block in action'
  actionpack (3.2.1) lib/action_dispatch/routing/route_set.rb:66:in `call'
  actionpack (3.2.1) lib/action_dispatch/routing/route_set.rb:66:in `dispatch'
  actionpack (3.2.1) lib/action_dispatch/routing/route_set.rb:30:in `call'
  actionpack (3.2.1) lib/action_dispatch/routing/mapper.rb:40:in `call'
  journey (1.0.1) lib/journey/router.rb:68:in `block in call'
  journey (1.0.1) lib/journey/router.rb:56:in `each'
  journey (1.0.1) lib/journey/router.rb:56:in `call'
  actionpack (3.2.1) lib/action_dispatch/routing/route_set.rb:589:in `call'
  warden (1.1.0) lib/warden/manager.rb:35:in `block in call'
  warden (1.1.0) lib/warden/manager.rb:34:in `catch'
  warden (1.1.0) lib/warden/manager.rb:34:in `call'
  actionpack (3.2.1) lib/action_dispatch/middleware/best_standards_support.rb:17:in `call'
  rack (1.4.1) lib/rack/etag.rb:23:in `call'
  rack (1.4.1) lib/rack/conditionalget.rb:35:in `call'
  actionpack (3.2.1) lib/action_dispatch/middleware/head.rb:14:in `call'
  actionpack (3.2.1) lib/action_dispatch/middleware/params_parser.rb:21:in `call'
  actionpack (3.2.1) lib/action_dispatch/middleware/flash.rb:242:in `call'
  rack (1.4.1) lib/rack/session/abstract/id.rb:205:in `context'
  rack (1.4.1) lib/rack/session/abstract/id.rb:200:in `call'
  actionpack (3.2.1) lib/action_dispatch/middleware/cookies.rb:338:in `call'
  activerecord (3.2.1) lib/active_record/query_cache.rb:64:in `call'
  activerecord (3.2.1) lib/active_record/connection_adapters/abstract/connection_pool.rb:443:in `call'
  actionpack (3.2.1) lib/action_dispatch/middleware/callbacks.rb:28:in `block in call'
  activesupport (3.2.1) lib/active_support/callbacks.rb:405:in `_run__2905270067312395681__call__2583350907982566015__callbacks'
  activesupport (3.2.1) lib/active_support/callbacks.rb:405:in `__run_callback'
  activesupport (3.2.1) lib/active_support/callbacks.rb:385:in `_run_call_callbacks'
  activesupport (3.2.1) lib/active_support/callbacks.rb:81:in `run_callbacks'
  actionpack (3.2.1) lib/action_dispatch/middleware/callbacks.rb:27:in `call'
  actionpack (3.2.1) lib/action_dispatch/middleware/reloader.rb:65:in `call'
  actionpack (3.2.1) lib/action_dispatch/middleware/remote_ip.rb:31:in `call'
  actionpack (3.2.1) lib/action_dispatch/middleware/debug_exceptions.rb:16:in `call'
  actionpack (3.2.1) lib/action_dispatch/middleware/show_exceptions.rb:56:in `call'
  railties (3.2.1) lib/rails/rack/logger.rb:26:in `call_app'
  railties (3.2.1) lib/rails/rack/logger.rb:16:in `call'
  actionpack (3.2.1) lib/action_dispatch/middleware/request_id.rb:22:in `call'
  rack (1.4.1) lib/rack/methodoverride.rb:21:in `call'
  rack (1.4.1) lib/rack/runtime.rb:17:in `call'
  activesupport (3.2.1) lib/active_support/cache/strategy/local_cache.rb:72:in `call'
  rack (1.4.1) lib/rack/lock.rb:15:in `call'
  actionpack (3.2.1) lib/action_dispatch/middleware/static.rb:53:in `call'
  railties (3.2.1) lib/rails/engine.rb:479:in `call'
  railties (3.2.1) lib/rails/application.rb:220:in `call'
  rack (1.4.1) lib/rack/content_length.rb:14:in `call'
  railties (3.2.1) lib/rails/rack/log_tailer.rb:14:in `call'
  rack (1.4.1) lib/rack/handler/webrick.rb:59:in `service'
  /Users/flores/.rbenv/versions/1.9.3-p0/lib/ruby/1.9.1/webrick/httpserver.rb:138:in `service'
  /Users/flores/.rbenv/versions/1.9.3-p0/lib/ruby/1.9.1/webrick/httpserver.rb:94:in `run'
  /Users/flores/.rbenv/versions/1.9.3-p0/lib/ruby/1.9.1/webrick/server.rb:191:in `block in start_thread'


  Rendered /Users/flores/.rbenv/versions/1.9.3-p0/lib/ruby/gems/1.9.1/gems/actionpack-3.2.1/lib/action_dispatch/middleware/templates/rescues/_trace.erb (3.6ms)
  Rendered /Users/flores/.rbenv/versions/1.9.3-p0/lib/ruby/gems/1.9.1/gems/actionpack-3.2.1/lib/action_dispatch/middleware/templates/rescues/_request_and_response.erb (1.3ms)
  Rendered /Users/flores/.rbenv/versions/1.9.3-p0/lib/ruby/gems/1.9.1/gems/actionpack-3.2.1/lib/action_dispatch/middleware/templates/rescues/diagnostics.erb within rescues/layout (8.8ms)


Started POST "/users" for 127.0.0.1 at 2012-02-14 10:18:15 -0200
Processing by Devise::RegistrationsController#create as HTML
  Parameters: {"utf8"=>"✓", "authenticity_token"=>"FVOekBF0jas4U8os1HufYI+X8T0Z3GX+PfkG+8/QOts=", "user"=>{"email"=>"a@b.com", "password"=>"[FILTERED]", "password_confirmation"=>"[FILTERED]"}, "commit"=>"Sign up"}
  [1m[36m (0.1ms)[0m  [1mbegin transaction[0m
  [1m[35mUser Exists (0.2ms)[0m  SELECT 1 FROM "users" WHERE "users"."email" = 'a@b.com' LIMIT 1
  [1m[36mUser Load (0.2ms)[0m  [1mSELECT "users".* FROM "users" WHERE "users"."confirmation_token" = '6cw8Bi2EXh3iLRhXqrdq' LIMIT 1[0m
Binary data inserted for `string` type on column `encrypted_password`
  [1m[35mSQL (49.6ms)[0m  INSERT INTO "users" ("confirmation_sent_at", "confirmation_token", "confirmed_at", "created_at", "current_sign_in_at", "current_sign_in_ip", "email", "encrypted_password", "last_sign_in_at", "last_sign_in_ip", "password_salt", "remember_created_at", "reset_password_sent_at", "reset_password_token", "sign_in_count", "unconfirmed_email", "updated_at") VALUES (?, ?, ?, ?, ?, ?, ?, ?, ?, ?, ?, ?, ?, ?, ?, ?, ?)  [["confirmation_sent_at", Tue, 14 Feb 2012 12:18:16 UTC +00:00], ["confirmation_token", "6cw8Bi2EXh3iLRhXqrdq"], ["confirmed_at", nil], ["created_at", Tue, 14 Feb 2012 12:18:16 UTC +00:00], ["current_sign_in_at", nil], ["current_sign_in_ip", nil], ["email", "a@b.com"], ["encrypted_password", "$2a$10$S/MxahOW0asDYycCYfrqTuHt.rioVdorpl8x/VqE0Z/WF7/YTUDge"], ["last_sign_in_at", nil], ["last_sign_in_ip", nil], ["password_salt", nil], ["remember_created_at", nil], ["reset_password_sent_at", nil], ["reset_password_token", nil], ["sign_in_count", 0], ["unconfirmed_email", nil], ["updated_at", Tue, 14 Feb 2012 12:18:16 UTC +00:00]]
  Rendered /Users/flores/.rbenv/versions/1.9.3-p0/lib/ruby/gems/1.9.1/gems/devise-2.0.1/app/views/devise/mailer/confirmation_instructions.html.erb (27.7ms)
  [1m[36m (0.7ms)[0m  [1mrollback transaction[0m
Completed 500 Internal Server Error in 1289ms

ActionView::Template::Error (Missing host to link to! Please provide the :host parameter, set default_url_options[:host], or set :only_path to true):
    2: 
    3: <p>You can confirm your account email through the link below:</p>
    4: 
    5: <p><%= link_to 'Confirm my account', confirmation_url(@resource, :confirmation_token => @resource.confirmation_token) %></p>
  actionpack (3.2.1) lib/action_dispatch/http/url.rb:25:in `url_for'
  actionpack (3.2.1) lib/action_dispatch/routing/route_set.rb:579:in `url_for'
  actionpack (3.2.1) lib/action_dispatch/routing/route_set.rb:329:in `url_for'
  actionpack (3.2.1) lib/action_dispatch/routing/route_set.rb:202:in `user_confirmation_url'
  actionpack (3.2.1) lib/action_dispatch/routing/routes_proxy.rb:29:in `user_confirmation_url'
  actionpack (3.2.1) lib/action_dispatch/routing/routes_proxy.rb:32:in `method_missing'
  devise (2.0.1) lib/devise/controllers/url_helpers.rb:50:in `confirmation_url'
  devise (2.0.1) app/views/devise/mailer/confirmation_instructions.html.erb:5:in `___sers_flores__rbenv_versions_______p__lib_ruby_gems_______gems_devise_______app_views_devise_mailer_confirmation_instructions_html_erb___400952615338055307_70320236998080'
  actionpack (3.2.1) lib/action_view/template.rb:143:in `block in render'
  activesupport (3.2.1) lib/active_support/notifications.rb:125:in `instrument'
  actionpack (3.2.1) lib/action_view/template.rb:141:in `render'
  actionpack (3.2.1) lib/action_view/renderer/template_renderer.rb:41:in `block (2 levels) in render_template'
  actionpack (3.2.1) lib/action_view/renderer/abstract_renderer.rb:38:in `block in instrument'
  activesupport (3.2.1) lib/active_support/notifications.rb:123:in `block in instrument'
  activesupport (3.2.1) lib/active_support/notifications/instrumenter.rb:20:in `instrument'
  activesupport (3.2.1) lib/active_support/notifications.rb:123:in `instrument'
  actionpack (3.2.1) lib/action_view/renderer/abstract_renderer.rb:38:in `instrument'
  actionpack (3.2.1) lib/action_view/renderer/template_renderer.rb:40:in `block in render_template'
  actionpack (3.2.1) lib/action_view/renderer/template_renderer.rb:48:in `render_with_layout'
  actionpack (3.2.1) lib/action_view/renderer/template_renderer.rb:39:in `render_template'
  actionpack (3.2.1) lib/action_view/renderer/template_renderer.rb:12:in `render'
  actionpack (3.2.1) lib/action_view/renderer/renderer.rb:36:in `render_template'
  actionpack (3.2.1) lib/action_view/renderer/renderer.rb:17:in `render'
  actionpack (3.2.1) lib/abstract_controller/rendering.rb:109:in `_render_template'
  actionpack (3.2.1) lib/abstract_controller/rendering.rb:103:in `render_to_body'
  actionpack (3.2.1) lib/abstract_controller/rendering.rb:88:in `render'
  actionmailer (3.2.1) lib/action_mailer/base.rb:700:in `block in collect_responses_and_parts_order'
  actionmailer (3.2.1) lib/action_mailer/base.rb:711:in `each'
  actionmailer (3.2.1) lib/action_mailer/base.rb:711:in `each_template'
  actionmailer (3.2.1) lib/action_mailer/base.rb:696:in `collect_responses_and_parts_order'
  actionmailer (3.2.1) lib/action_mailer/base.rb:635:in `mail'
  devise (2.0.1) lib/devise/mailers/helpers.rb:16:in `devise_mail'
  devise (2.0.1) app/mailers/devise/mailer.rb:5:in `confirmation_instructions'
  actionpack (3.2.1) lib/abstract_controller/base.rb:167:in `process_action'
  actionpack (3.2.1) lib/abstract_controller/base.rb:121:in `process'
  actionpack (3.2.1) lib/abstract_controller/rendering.rb:45:in `process'
  actionmailer (3.2.1) lib/action_mailer/base.rb:456:in `process'
  actionmailer (3.2.1) lib/action_mailer/base.rb:451:in `initialize'
  actionmailer (3.2.1) lib/action_mailer/base.rb:438:in `new'
  actionmailer (3.2.1) lib/action_mailer/base.rb:438:in `method_missing'
  devise (2.0.1) lib/devise/models/confirmable.rb:116:in `send_on_create_confirmation_instructions'
  activesupport (3.2.1) lib/active_support/callbacks.rb:416:in `_run__495570639593571921__create__294055089091980315__callbacks'
  activesupport (3.2.1) lib/active_support/callbacks.rb:405:in `__run_callback'
  activesupport (3.2.1) lib/active_support/callbacks.rb:385:in `_run_create_callbacks'
  activesupport (3.2.1) lib/active_support/callbacks.rb:81:in `run_callbacks'
  activerecord (3.2.1) lib/active_record/callbacks.rb:268:in `create'
  activerecord (3.2.1) lib/active_record/persistence.rb:344:in `create_or_update'
  activerecord (3.2.1) lib/active_record/callbacks.rb:264:in `block in create_or_update'
  activesupport (3.2.1) lib/active_support/callbacks.rb:403:in `_run__495570639593571921__save__294055089091980315__callbacks'
  activesupport (3.2.1) lib/active_support/callbacks.rb:405:in `__run_callback'
  activesupport (3.2.1) lib/active_support/callbacks.rb:385:in `_run_save_callbacks'
  activesupport (3.2.1) lib/active_support/callbacks.rb:81:in `run_callbacks'
  activerecord (3.2.1) lib/active_record/callbacks.rb:264:in `create_or_update'
  activerecord (3.2.1) lib/active_record/persistence.rb:84:in `save'
  activerecord (3.2.1) lib/active_record/validations.rb:50:in `save'
  activerecord (3.2.1) lib/active_record/attribute_methods/dirty.rb:22:in `save'
  activerecord (3.2.1) lib/active_record/transactions.rb:241:in `block (2 levels) in save'
  activerecord (3.2.1) lib/active_record/transactions.rb:295:in `block in with_transaction_returning_status'
  activerecord (3.2.1) lib/active_record/connection_adapters/abstract/database_statements.rb:190:in `transaction'
  activerecord (3.2.1) lib/active_record/transactions.rb:208:in `transaction'
  activerecord (3.2.1) lib/active_record/transactions.rb:293:in `with_transaction_returning_status'
  activerecord (3.2.1) lib/active_record/transactions.rb:241:in `block in save'
  activerecord (3.2.1) lib/active_record/transactions.rb:252:in `rollback_active_record_state!'
  activerecord (3.2.1) lib/active_record/transactions.rb:240:in `save'
  devise (2.0.1) app/controllers/devise/registrations_controller.rb:15:in `create'
  actionpack (3.2.1) lib/action_controller/metal/implicit_render.rb:4:in `send_action'
  actionpack (3.2.1) lib/abstract_controller/base.rb:167:in `process_action'
  actionpack (3.2.1) lib/action_controller/metal/rendering.rb:10:in `process_action'
  actionpack (3.2.1) lib/abstract_controller/callbacks.rb:18:in `block in process_action'
  activesupport (3.2.1) lib/active_support/callbacks.rb:436:in `_run__2679822620540626627__process_action__1745707626244943686__callbacks'
  activesupport (3.2.1) lib/active_support/callbacks.rb:405:in `__run_callback'
  activesupport (3.2.1) lib/active_support/callbacks.rb:385:in `_run_process_action_callbacks'
  activesupport (3.2.1) lib/active_support/callbacks.rb:81:in `run_callbacks'
  actionpack (3.2.1) lib/abstract_controller/callbacks.rb:17:in `process_action'
  actionpack (3.2.1) lib/action_controller/metal/rescue.rb:29:in `process_action'
  actionpack (3.2.1) lib/action_controller/metal/instrumentation.rb:30:in `block in process_action'
  activesupport (3.2.1) lib/active_support/notifications.rb:123:in `block in instrument'
  activesupport (3.2.1) lib/active_support/notifications/instrumenter.rb:20:in `instrument'
  activesupport (3.2.1) lib/active_support/notifications.rb:123:in `instrument'
  actionpack (3.2.1) lib/action_controller/metal/instrumentation.rb:29:in `process_action'
  actionpack (3.2.1) lib/action_controller/metal/params_wrapper.rb:205:in `process_action'
  activerecord (3.2.1) lib/active_record/railties/controller_runtime.rb:18:in `process_action'
  actionpack (3.2.1) lib/abstract_controller/base.rb:121:in `process'
  actionpack (3.2.1) lib/abstract_controller/rendering.rb:45:in `process'
  actionpack (3.2.1) lib/action_controller/metal.rb:203:in `dispatch'
  actionpack (3.2.1) lib/action_controller/metal/rack_delegation.rb:14:in `dispatch'
  actionpack (3.2.1) lib/action_controller/metal.rb:246:in `block in action'
  actionpack (3.2.1) lib/action_dispatch/routing/route_set.rb:66:in `call'
  actionpack (3.2.1) lib/action_dispatch/routing/route_set.rb:66:in `dispatch'
  actionpack (3.2.1) lib/action_dispatch/routing/route_set.rb:30:in `call'
  actionpack (3.2.1) lib/action_dispatch/routing/mapper.rb:40:in `call'
  journey (1.0.1) lib/journey/router.rb:68:in `block in call'
  journey (1.0.1) lib/journey/router.rb:56:in `each'
  journey (1.0.1) lib/journey/router.rb:56:in `call'
  actionpack (3.2.1) lib/action_dispatch/routing/route_set.rb:589:in `call'
  warden (1.1.0) lib/warden/manager.rb:35:in `block in call'
  warden (1.1.0) lib/warden/manager.rb:34:in `catch'
  warden (1.1.0) lib/warden/manager.rb:34:in `call'
  actionpack (3.2.1) lib/action_dispatch/middleware/best_standards_support.rb:17:in `call'
  rack (1.4.1) lib/rack/etag.rb:23:in `call'
  rack (1.4.1) lib/rack/conditionalget.rb:35:in `call'
  actionpack (3.2.1) lib/action_dispatch/middleware/head.rb:14:in `call'
  actionpack (3.2.1) lib/action_dispatch/middleware/params_parser.rb:21:in `call'
  actionpack (3.2.1) lib/action_dispatch/middleware/flash.rb:242:in `call'
  rack (1.4.1) lib/rack/session/abstract/id.rb:205:in `context'
  rack (1.4.1) lib/rack/session/abstract/id.rb:200:in `call'
  actionpack (3.2.1) lib/action_dispatch/middleware/cookies.rb:338:in `call'
  activerecord (3.2.1) lib/active_record/query_cache.rb:64:in `call'
  activerecord (3.2.1) lib/active_record/connection_adapters/abstract/connection_pool.rb:443:in `call'
  actionpack (3.2.1) lib/action_dispatch/middleware/callbacks.rb:28:in `block in call'
  activesupport (3.2.1) lib/active_support/callbacks.rb:405:in `_run__2278884356280468419__call__294055089091980315__callbacks'
  activesupport (3.2.1) lib/active_support/callbacks.rb:405:in `__run_callback'
  activesupport (3.2.1) lib/active_support/callbacks.rb:385:in `_run_call_callbacks'
  activesupport (3.2.1) lib/active_support/callbacks.rb:81:in `run_callbacks'
  actionpack (3.2.1) lib/action_dispatch/middleware/callbacks.rb:27:in `call'
  actionpack (3.2.1) lib/action_dispatch/middleware/reloader.rb:65:in `call'
  actionpack (3.2.1) lib/action_dispatch/middleware/remote_ip.rb:31:in `call'
  actionpack (3.2.1) lib/action_dispatch/middleware/debug_exceptions.rb:16:in `call'
  actionpack (3.2.1) lib/action_dispatch/middleware/show_exceptions.rb:56:in `call'
  railties (3.2.1) lib/rails/rack/logger.rb:26:in `call_app'
  railties (3.2.1) lib/rails/rack/logger.rb:16:in `call'
  actionpack (3.2.1) lib/action_dispatch/middleware/request_id.rb:22:in `call'
  rack (1.4.1) lib/rack/methodoverride.rb:21:in `call'
  rack (1.4.1) lib/rack/runtime.rb:17:in `call'
  activesupport (3.2.1) lib/active_support/cache/strategy/local_cache.rb:72:in `call'
  rack (1.4.1) lib/rack/lock.rb:15:in `call'
  actionpack (3.2.1) lib/action_dispatch/middleware/static.rb:53:in `call'
  railties (3.2.1) lib/rails/engine.rb:479:in `call'
  railties (3.2.1) lib/rails/application.rb:220:in `call'
  rack (1.4.1) lib/rack/content_length.rb:14:in `call'
  railties (3.2.1) lib/rails/rack/log_tailer.rb:14:in `call'
  rack (1.4.1) lib/rack/handler/webrick.rb:59:in `service'
  /Users/flores/.rbenv/versions/1.9.3-p0/lib/ruby/1.9.1/webrick/httpserver.rb:138:in `service'
  /Users/flores/.rbenv/versions/1.9.3-p0/lib/ruby/1.9.1/webrick/httpserver.rb:94:in `run'
  /Users/flores/.rbenv/versions/1.9.3-p0/lib/ruby/1.9.1/webrick/server.rb:191:in `block in start_thread'


  Rendered /Users/flores/.rbenv/versions/1.9.3-p0/lib/ruby/gems/1.9.1/gems/actionpack-3.2.1/lib/action_dispatch/middleware/templates/rescues/_trace.erb (5.4ms)
  Rendered /Users/flores/.rbenv/versions/1.9.3-p0/lib/ruby/gems/1.9.1/gems/actionpack-3.2.1/lib/action_dispatch/middleware/templates/rescues/_request_and_response.erb (1.4ms)
  Rendered /Users/flores/.rbenv/versions/1.9.3-p0/lib/ruby/gems/1.9.1/gems/actionpack-3.2.1/lib/action_dispatch/middleware/templates/rescues/template_error.erb within rescues/layout (9.7ms)


Started POST "/users" for 127.0.0.1 at 2012-02-14 10:19:16 -0200
Processing by Devise::RegistrationsController#create as HTML
  Parameters: {"utf8"=>"✓", "authenticity_token"=>"FVOekBF0jas4U8os1HufYI+X8T0Z3GX+PfkG+8/QOts=", "user"=>{"email"=>"a@b.com", "password"=>"[FILTERED]", "password_confirmation"=>"[FILTERED]"}, "commit"=>"Sign up"}
  [1m[36m (0.1ms)[0m  [1mbegin transaction[0m
  [1m[35mUser Exists (0.2ms)[0m  SELECT 1 FROM "users" WHERE "users"."email" = 'a@b.com' LIMIT 1
  [1m[36mUser Load (0.2ms)[0m  [1mSELECT "users".* FROM "users" WHERE "users"."confirmation_token" = 'FqHyi6zAdRp1oSRd85DK' LIMIT 1[0m
Binary data inserted for `string` type on column `encrypted_password`
  [1m[35mSQL (2.6ms)[0m  INSERT INTO "users" ("confirmation_sent_at", "confirmation_token", "confirmed_at", "created_at", "current_sign_in_at", "current_sign_in_ip", "email", "encrypted_password", "last_sign_in_at", "last_sign_in_ip", "password_salt", "remember_created_at", "reset_password_sent_at", "reset_password_token", "sign_in_count", "unconfirmed_email", "updated_at") VALUES (?, ?, ?, ?, ?, ?, ?, ?, ?, ?, ?, ?, ?, ?, ?, ?, ?)  [["confirmation_sent_at", Tue, 14 Feb 2012 12:19:17 UTC +00:00], ["confirmation_token", "FqHyi6zAdRp1oSRd85DK"], ["confirmed_at", nil], ["created_at", Tue, 14 Feb 2012 12:19:17 UTC +00:00], ["current_sign_in_at", nil], ["current_sign_in_ip", nil], ["email", "a@b.com"], ["encrypted_password", "$2a$10$t2YsQ7RTcIGcyCZSJtlsCe3tG0Pk0Pzp1wWE5EctDpun6EzRnzVKC"], ["last_sign_in_at", nil], ["last_sign_in_ip", nil], ["password_salt", nil], ["remember_created_at", nil], ["reset_password_sent_at", nil], ["reset_password_token", nil], ["sign_in_count", 0], ["unconfirmed_email", nil], ["updated_at", Tue, 14 Feb 2012 12:19:17 UTC +00:00]]
  Rendered /Users/flores/.rbenv/versions/1.9.3-p0/lib/ruby/gems/1.9.1/gems/devise-2.0.1/app/views/devise/mailer/confirmation_instructions.html.erb (3.6ms)

Sent mail to a@b.com (63ms)
Date: Tue, 14 Feb 2012 10:19:18 -0200
From: please-change-me-at-config-initializers-devise@example.com
Reply-To: please-change-me-at-config-initializers-devise@example.com
To: a@b.com
Message-ID: <4f3a514628f89_10e203fc2a18e9164233af@Suomi.local.mail>
Subject: Confirmation instructions
Mime-Version: 1.0
Content-Type: text/html;
 charset=UTF-8
Content-Transfer-Encoding: 7bit

<p>Welcome a@b.com!</p>

<p>You can confirm your account email through the link below:</p>

<p><a href="http://localhost:3000/users/confirmation?confirmation_token=FqHyi6zAdRp1oSRd85DK">Confirm my account</a></p>

  [1m[36m (2.1ms)[0m  [1mcommit transaction[0m
Redirected to http://localhost:3000/
Completed 302 Found in 948ms (ActiveRecord: 0.0ms)


Started GET "/assets/rails.png" for 127.0.0.1 at 2012-02-14 10:19:18 -0200
Served asset /rails.png - 304 Not Modified (2ms)


Started GET "/users/sign_up" for 127.0.0.1 at 2012-02-14 10:19:24 -0200
Processing by Devise::RegistrationsController#new as HTML
  Rendered /Users/flores/.rbenv/versions/1.9.3-p0/lib/ruby/gems/1.9.1/gems/devise-2.0.1/app/views/devise/_links.erb (2.5ms)
  Rendered /Users/flores/.rbenv/versions/1.9.3-p0/lib/ruby/gems/1.9.1/gems/devise-2.0.1/app/views/devise/registrations/new.html.erb within layouts/application (12.1ms)
Completed 200 OK in 45ms (Views: 44.0ms | ActiveRecord: 0.0ms)


Started GET "/assets/application.css?body=1" for 127.0.0.1 at 2012-02-14 10:19:24 -0200
Served asset /application.css - 304 Not Modified (2ms)


Started GET "/assets/jquery.js?body=1" for 127.0.0.1 at 2012-02-14 10:19:24 -0200
Served asset /jquery.js - 304 Not Modified (3ms)


Started GET "/assets/jquery_ujs.js?body=1" for 127.0.0.1 at 2012-02-14 10:19:24 -0200
Served asset /jquery_ujs.js - 304 Not Modified (2ms)


Started GET "/assets/application.js?body=1" for 127.0.0.1 at 2012-02-14 10:19:24 -0200
Served asset /application.js - 304 Not Modified (5ms)


Started POST "/users" for 127.0.0.1 at 2012-02-14 10:19:30 -0200
Processing by Devise::RegistrationsController#create as HTML
  Parameters: {"utf8"=>"✓", "authenticity_token"=>"FVOekBF0jas4U8os1HufYI+X8T0Z3GX+PfkG+8/QOts=", "user"=>{"email"=>"b@c.com", "password"=>"[FILTERED]", "password_confirmation"=>"[FILTERED]"}, "commit"=>"Sign up"}
  [1m[35m (0.1ms)[0m  begin transaction
  [1m[36mUser Exists (0.2ms)[0m  [1mSELECT 1 FROM "users" WHERE "users"."email" = 'b@c.com' LIMIT 1[0m
  [1m[35mUser Load (0.1ms)[0m  SELECT "users".* FROM "users" WHERE "users"."confirmation_token" = '4JDQsyEj8qJwQyvW9sJ8' LIMIT 1
Binary data inserted for `string` type on column `encrypted_password`
  [1m[36mSQL (0.7ms)[0m  [1mINSERT INTO "users" ("confirmation_sent_at", "confirmation_token", "confirmed_at", "created_at", "current_sign_in_at", "current_sign_in_ip", "email", "encrypted_password", "last_sign_in_at", "last_sign_in_ip", "password_salt", "remember_created_at", "reset_password_sent_at", "reset_password_token", "sign_in_count", "unconfirmed_email", "updated_at") VALUES (?, ?, ?, ?, ?, ?, ?, ?, ?, ?, ?, ?, ?, ?, ?, ?, ?)[0m  [["confirmation_sent_at", Tue, 14 Feb 2012 12:19:30 UTC +00:00], ["confirmation_token", "4JDQsyEj8qJwQyvW9sJ8"], ["confirmed_at", nil], ["created_at", Tue, 14 Feb 2012 12:19:30 UTC +00:00], ["current_sign_in_at", nil], ["current_sign_in_ip", nil], ["email", "b@c.com"], ["encrypted_password", "$2a$10$zvdOhxoN303ltALxGZmVOu0Y2eZ88tbmJQCNMpcDXfsGzOFSmsDSO"], ["last_sign_in_at", nil], ["last_sign_in_ip", nil], ["password_salt", nil], ["remember_created_at", nil], ["reset_password_sent_at", nil], ["reset_password_token", nil], ["sign_in_count", 0], ["unconfirmed_email", nil], ["updated_at", Tue, 14 Feb 2012 12:19:30 UTC +00:00]]
  Rendered /Users/flores/.rbenv/versions/1.9.3-p0/lib/ruby/gems/1.9.1/gems/devise-2.0.1/app/views/devise/mailer/confirmation_instructions.html.erb (2.7ms)

Sent mail to b@c.com (11ms)
Date: Tue, 14 Feb 2012 10:19:30 -0200
From: please-change-me-at-config-initializers-devise@example.com
Reply-To: please-change-me-at-config-initializers-devise@example.com
To: b@c.com
Message-ID: <4f3a5152cc6a2_10e203fc2a34e9a082343f@Suomi.local.mail>
Subject: Confirmation instructions
Mime-Version: 1.0
Content-Type: text/html;
 charset=UTF-8
Content-Transfer-Encoding: 7bit

<p>Welcome b@c.com!</p>

<p>You can confirm your account email through the link below:</p>

<p><a href="http://localhost:3000/users/confirmation?confirmation_token=4JDQsyEj8qJwQyvW9sJ8">Confirm my account</a></p>

  [1m[35m (2.2ms)[0m  commit transaction
Redirected to http://localhost:3000/
Completed 302 Found in 176ms (ActiveRecord: 0.0ms)


Started GET "/assets/rails.png" for 127.0.0.1 at 2012-02-14 10:19:30 -0200
Served asset /rails.png - 304 Not Modified (0ms)


Started GET "/users/confirmation?confirmation_token=4JDQsyEj8qJwQyvW9sJ8" for 127.0.0.1 at 2012-02-14 10:19:41 -0200
Processing by Devise::ConfirmationsController#show as HTML
  Parameters: {"confirmation_token"=>"4JDQsyEj8qJwQyvW9sJ8"}
  [1m[36mUser Load (0.3ms)[0m  [1mSELECT "users".* FROM "users" WHERE "users"."confirmation_token" = '4JDQsyEj8qJwQyvW9sJ8' LIMIT 1[0m
  [1m[35m (0.1ms)[0m  begin transaction
  [1m[36m (0.5ms)[0m  [1mUPDATE "users" SET "confirmation_token" = NULL, "confirmed_at" = '2012-02-14 12:19:41.703094', "updated_at" = '2012-02-14 12:19:41.703916' WHERE "users"."id" = 2[0m
  [1m[35m (1.3ms)[0m  commit transaction
  [1m[36m (0.1ms)[0m  [1mbegin transaction[0m
  [1m[35m (0.5ms)[0m  UPDATE "users" SET "last_sign_in_at" = '2012-02-14 12:19:41.708509', "current_sign_in_at" = '2012-02-14 12:19:41.708509', "last_sign_in_ip" = '127.0.0.1', "current_sign_in_ip" = '127.0.0.1', "sign_in_count" = 1, "updated_at" = '2012-02-14 12:19:41.709395' WHERE "users"."id" = 2
  [1m[36m (1.3ms)[0m  [1mcommit transaction[0m
Redirected to http://localhost:3000/
Completed 302 Found in 14ms (ActiveRecord: 3.9ms)


Started GET "/assets/rails.png" for 127.0.0.1 at 2012-02-14 10:19:41 -0200
Served asset /rails.png - 304 Not Modified (0ms)
